<?xml version="1.0" encoding="UTF-8"?>
<!-- Generated by org.testng.reporters.JUnitReportReporter -->
<testsuite hostname="DESKTOP-Q82OL9U" failures="0" tests="1" name="SDET_assignments.Frames" time="8.186" errors="0" timestamp="2024-07-17T09:52:59 IST" skipped="0">
  <testcase classname="SDET_assignments.Frames" name="tc_1" time="8.186"/>
  <system-out/>
</testsuite> <!-- SDET_assignments.Frames -->
