<?xml version="1.0" encoding="UTF-8"?>
<!-- Generated by org.testng.reporters.JUnitReportReporter -->
<testsuite hostname="DESKTOP-Q82OL9U" failures="0" tests="1" name="SDET_assignments.Assignment_4" time="0.408" errors="0" timestamp="2024-07-17T09:34:32 IST" skipped="0">
  <testcase classname="SDET_assignments.Assignment_4" name="alert_3" time="0.408"/>
  <system-out/>
</testsuite> <!-- SDET_assignments.Assignment_4 -->
