<?xml version="1.0" encoding="UTF-8"?>
<!-- Generated by org.testng.reporters.JUnitReportReporter -->
<testsuite hostname="DESKTOP-Q82OL9U" failures="0" tests="3" name="SDET_assignments.alerts" time="6.456" errors="0" timestamp="2024-07-17T12:59:03 IST" skipped="0">
  <testcase classname="SDET_assignments.alerts" name="alert_1" time="6.210"/>
  <system-out/>
  <testcase classname="SDET_assignments.alerts" name="alert_3" time="0.119"/>
  <system-out/>
  <testcase classname="SDET_assignments.alerts" name="alert_2" time="0.127"/>
  <system-out/>
</testsuite> <!-- SDET_assignments.alerts -->
